-------------------------------------------------------------------------------
Test set: edu.baylor.ecs.csi5324.factoryMethod.test.UserTest
-------------------------------------------------------------------------------
Tests run: 4, Failures: 0, Errors: 1, Skipped: 0, Time elapsed: 0.001 s <<< FAILURE! - in edu.baylor.ecs.csi5324.factoryMethod.test.UserTest
test(edu.baylor.ecs.csi5324.factoryMethod.test.UserTest)  Time elapsed: 0 s  <<< ERROR!
java.lang.Exception: Not a heureka product
	at edu.baylor.ecs.csi5324.factoryMethod.test.UserTest.test(UserTest.java:54)

