-------------------------------------------------------------------------------
Test set: edu.baylor.ecs.csi5324.factoryMethod.test.AmazonUserTest
-------------------------------------------------------------------------------
Tests run: 4, Failures: 1, Errors: 0, Skipped: 0, Time elapsed: 0.065 s <<< FAILURE! - in edu.baylor.ecs.csi5324.factoryMethod.test.AmazonUserTest
testTotal(edu.baylor.ecs.csi5324.factoryMethod.test.AmazonUserTest)  Time elapsed: 0.016 s  <<< FAILURE!
java.lang.AssertionError
	at edu.baylor.ecs.csi5324.factoryMethod.test.AmazonUserTest.testTotal(AmazonUserTest.java:30)

