<?xml version="1.0" encoding="UTF-8"?>
<testsuite xmlns:xsi="http://www.w3.org/2001/XMLSchema-instance" xsi:noNamespaceSchemaLocation="https://maven.apache.org/surefire/maven-surefire-plugin/xsd/surefire-test-report.xsd" name="edu.baylor.ecs.csi5324.factoryMethod.test.AmazonUserTest" time="0.065" tests="4" errors="0" skipped="0" failures="1">
  <properties>
[...]
</properties>
  <testcase name="testTotal" classname="edu.baylor.ecs.csi5324.factoryMethod.test.AmazonUserTest" time="0.016">
    <failure type="java.lang.AssertionError">java.lang.AssertionError
	at edu.baylor.ecs.csi5324.factoryMethod.test.AmazonUserTest.testTotal(AmazonUserTest.java:30)
</failure>
  </testcase>
  <testcase name="testFail" classname="edu.baylor.ecs.csi5324.factoryMethod.test.AmazonUserTest" time="0"/>
  <testcase name="test" classname="edu.baylor.ecs.csi5324.factoryMethod.test.AmazonUserTest" time="0.007"/>
  <testcase name="testAggregation" classname="edu.baylor.ecs.csi5324.factoryMethod.test.AmazonUserTest" time="0"/>
</testsuite>